{"C:\\Users\\Hp\\WebstormProjects\\s22-ESN-RW2\\Config\\config.js": {"path":"C:\\Users\\Hp\\WebstormProjects\\s22-ESN-RW2\\Config\\config.js","statementMap":{"0":{"start":{"line":1,"column":20},"end":{"line":1,"column":58}},"1":{"start":{"line":2,"column":17},"end":{"line":2,"column":36}},"2":{"start":{"line":3,"column":15},"end":{"line":3,"column":32}},"3":{"start":{"line":4,"column":30},"end":{"line":4,"column":62}},"4":{"start":{"line":6,"column":16},"end":{"line":6,"column":33}},"5":{"start":{"line":8,"column":0},"end":{"line":8,"column":16}},"6":{"start":{"line":10,"column":21},"end":{"line":40,"column":1}},"7":{"start":{"line":11,"column":2},"end":{"line":39,"column":3}},"8":{"start":{"line":14,"column":4},"end":{"line":29,"column":5}},"9":{"start":{"line":17,"column":21},"end":{"line":17,"column":51}},"10":{"start":{"line":18,"column":6},"end":{"line":18,"column":41}},"11":{"start":{"line":19,"column":6},"end":{"line":22,"column":9}},"12":{"start":{"line":24,"column":21},"end":{"line":24,"column":46}},"13":{"start":{"line":25,"column":6},"end":{"line":28,"column":9}},"14":{"start":{"line":36,"column":4},"end":{"line":36,"column":58}},"15":{"start":{"line":38,"column":4},"end":{"line":38,"column":31}},"16":{"start":{"line":42,"column":14},"end":{"line":47,"column":1}},"17":{"start":{"line":43,"column":2},"end":{"line":43,"column":30}},"18":{"start":{"line":51,"column":4},"end":{"line":53,"column":5}},"19":{"start":{"line":52,"column":6},"end":{"line":52,"column":33}},"20":{"start":{"line":56,"column":4},"end":{"line":56,"column":25}},"21":{"start":{"line":60,"column":19},"end":{"line":60,"column":69}},"22":{"start":{"line":61,"column":0},"end":{"line":61,"column":39}}},"fnMap":{"0":{"name":"(anonymous_0)","decl":{"start":{"line":10,"column":21},"end":{"line":10,"column":22}},"loc":{"start":{"line":10,"column":33},"end":{"line":40,"column":1}},"line":10},"1":{"name":"(anonymous_1)","decl":{"start":{"line":42,"column":14},"end":{"line":42,"column":15}},"loc":{"start":{"line":42,"column":26},"end":{"line":47,"column":1}},"line":42},"2":{"name":"(anonymous_2)","decl":{"start":{"line":50,"column":2},"end":{"line":50,"column":3}},"loc":{"start":{"line":50,"column":26},"end":{"line":54,"column":3}},"line":50},"3":{"name":"(anonymous_3)","decl":{"start":{"line":55,"column":2},"end":{"line":55,"column":3}},"loc":{"start":{"line":55,"column":16},"end":{"line":57,"column":3}},"line":55}},"branchMap":{"0":{"loc":{"start":{"line":14,"column":4},"end":{"line":29,"column":5}},"type":"if","locations":[{"start":{"line":14,"column":4},"end":{"line":29,"column":5}},{"start":{"line":23,"column":11},"end":{"line":29,"column":5}}],"line":14},"1":{"loc":{"start":{"line":51,"column":4},"end":{"line":53,"column":5}},"type":"if","locations":[{"start":{"line":51,"column":4},"end":{"line":53,"column":5}},{"start":{},"end":{}}],"line":51}},"s":{"0":3,"1":3,"2":3,"3":3,"4":3,"5":3,"6":3,"7":0,"8":0,"9":0,"10":0,"11":0,"12":0,"13":0,"14":0,"15":0,"16":3,"17":0,"18":3,"19":3,"20":3,"21":3,"22":3},"f":{"0":0,"1":0,"2":3,"3":3},"b":{"0":[0,0],"1":[3,0]},"_coverageSchema":"1a1c01bbd47fc00a2c39e90264f33305004495a9","hash":"d2151d75efcfa34e1756dcb33f4fa9396ee50fd9"}
,"C:\\Users\\Hp\\WebstormProjects\\s22-ESN-RW2\\Config\\data.js": {"path":"C:\\Users\\Hp\\WebstormProjects\\s22-ESN-RW2\\Config\\data.js","statementMap":{"0":{"start":{"line":1,"column":0},"end":{"line":1,"column":135}},"1":{"start":{"line":2,"column":0},"end":{"line":2,"column":130}},"2":{"start":{"line":4,"column":0},"end":{"line":4,"column":61}}},"fnMap":{},"branchMap":{},"s":{"0":3,"1":3,"2":3},"f":{},"b":{},"_coverageSchema":"1a1c01bbd47fc00a2c39e90264f33305004495a9","hash":"a54aa7e0fb648449f02e7b953b68dbedba0cb94e"}
,"C:\\Users\\Hp\\WebstormProjects\\s22-ESN-RW2\\Controller\\ExternalCompanyController.js": {"path":"C:\\Users\\Hp\\WebstormProjects\\s22-ESN-RW2\\Controller\\ExternalCompanyController.js","statementMap":{"0":{"start":{"line":1,"column":15},"end":{"line":1,"column":32}},"1":{"start":{"line":2,"column":15},"end":{"line":2,"column":34}},"2":{"start":{"line":3,"column":24},"end":{"line":3,"column":65}},"3":{"start":{"line":4,"column":19},"end":{"line":4,"column":67}},"4":{"start":{"line":5,"column":12},"end":{"line":5,"column":35}},"5":{"start":{"line":7,"column":0},"end":{"line":7,"column":16}},"6":{"start":{"line":10,"column":20},"end":{"line":60,"column":3}},"7":{"start":{"line":11,"column":4},"end":{"line":16,"column":5}},"8":{"start":{"line":12,"column":6},"end":{"line":15,"column":9}},"9":{"start":{"line":17,"column":27},"end":{"line":19,"column":6}},"10":{"start":{"line":21,"column":4},"end":{"line":26,"column":5}},"11":{"start":{"line":22,"column":6},"end":{"line":25,"column":9}},"12":{"start":{"line":27,"column":27},"end":{"line":27,"column":64}},"13":{"start":{"line":28,"column":26},"end":{"line":35,"column":6}},"14":{"start":{"line":37,"column":27},"end":{"line":37,"column":53}},"15":{"start":{"line":38,"column":4},"end":{"line":43,"column":5}},"16":{"start":{"line":39,"column":6},"end":{"line":42,"column":9}},"17":{"start":{"line":44,"column":18},"end":{"line":53,"column":5}},"18":{"start":{"line":54,"column":4},"end":{"line":59,"column":7}},"19":{"start":{"line":62,"column":17},"end":{"line":107,"column":3}},"20":{"start":{"line":63,"column":4},"end":{"line":68,"column":5}},"21":{"start":{"line":64,"column":6},"end":{"line":67,"column":9}},"22":{"start":{"line":69,"column":27},"end":{"line":71,"column":6}},"23":{"start":{"line":73,"column":4},"end":{"line":78,"column":5}},"24":{"start":{"line":74,"column":6},"end":{"line":77,"column":9}},"25":{"start":{"line":80,"column":26},"end":{"line":83,"column":5}},"26":{"start":{"line":85,"column":4},"end":{"line":90,"column":5}},"27":{"start":{"line":86,"column":6},"end":{"line":89,"column":9}},"28":{"start":{"line":91,"column":18},"end":{"line":100,"column":5}},"29":{"start":{"line":102,"column":4},"end":{"line":106,"column":7}},"30":{"start":{"line":109,"column":25},"end":{"line":148,"column":3}},"31":{"start":{"line":110,"column":4},"end":{"line":115,"column":5}},"32":{"start":{"line":111,"column":6},"end":{"line":114,"column":9}},"33":{"start":{"line":116,"column":27},"end":{"line":116,"column":72}},"34":{"start":{"line":118,"column":4},"end":{"line":123,"column":5}},"35":{"start":{"line":119,"column":6},"end":{"line":122,"column":9}},"36":{"start":{"line":124,"column":33},"end":{"line":136,"column":5}},"37":{"start":{"line":137,"column":4},"end":{"line":142,"column":5}},"38":{"start":{"line":138,"column":6},"end":{"line":141,"column":9}},"39":{"start":{"line":143,"column":4},"end":{"line":147,"column":7}},"40":{"start":{"line":150,"column":32},"end":{"line":165,"column":3}},"41":{"start":{"line":151,"column":25},"end":{"line":153,"column":36}},"42":{"start":{"line":154,"column":4},"end":{"line":159,"column":5}},"43":{"start":{"line":155,"column":6},"end":{"line":158,"column":9}},"44":{"start":{"line":160,"column":4},"end":{"line":164,"column":7}},"45":{"start":{"line":168,"column":27},"end":{"line":183,"column":3}},"46":{"start":{"line":169,"column":25},"end":{"line":171,"column":36}},"47":{"start":{"line":172,"column":4},"end":{"line":177,"column":5}},"48":{"start":{"line":173,"column":6},"end":{"line":176,"column":9}},"49":{"start":{"line":178,"column":4},"end":{"line":182,"column":7}},"50":{"start":{"line":185,"column":27},"end":{"line":218,"column":3}},"51":{"start":{"line":186,"column":4},"end":{"line":191,"column":5}},"52":{"start":{"line":187,"column":6},"end":{"line":190,"column":9}},"53":{"start":{"line":192,"column":27},"end":{"line":192,"column":72}},"54":{"start":{"line":194,"column":4},"end":{"line":199,"column":5}},"55":{"start":{"line":195,"column":6},"end":{"line":198,"column":9}},"56":{"start":{"line":200,"column":25},"end":{"line":206,"column":5}},"57":{"start":{"line":207,"column":4},"end":{"line":212,"column":5}},"58":{"start":{"line":208,"column":6},"end":{"line":211,"column":9}},"59":{"start":{"line":213,"column":4},"end":{"line":217,"column":7}},"60":{"start":{"line":220,"column":29},"end":{"line":244,"column":3}},"61":{"start":{"line":221,"column":20},"end":{"line":221,"column":34}},"62":{"start":{"line":222,"column":4},"end":{"line":227,"column":5}},"63":{"start":{"line":223,"column":6},"end":{"line":226,"column":9}},"64":{"start":{"line":228,"column":27},"end":{"line":231,"column":6}},"65":{"start":{"line":233,"column":4},"end":{"line":238,"column":5}},"66":{"start":{"line":234,"column":6},"end":{"line":237,"column":9}},"67":{"start":{"line":239,"column":4},"end":{"line":243,"column":7}},"68":{"start":{"line":247,"column":0},"end":{"line":247,"column":43}}},"fnMap":{"0":{"name":"(anonymous_0)","decl":{"start":{"line":10,"column":20},"end":{"line":10,"column":21}},"loc":{"start":{"line":10,"column":40},"end":{"line":60,"column":3}},"line":10},"1":{"name":"(anonymous_1)","decl":{"start":{"line":62,"column":17},"end":{"line":62,"column":18}},"loc":{"start":{"line":62,"column":37},"end":{"line":107,"column":3}},"line":62},"2":{"name":"(anonymous_2)","decl":{"start":{"line":109,"column":25},"end":{"line":109,"column":26}},"loc":{"start":{"line":109,"column":45},"end":{"line":148,"column":3}},"line":109},"3":{"name":"(anonymous_3)","decl":{"start":{"line":150,"column":32},"end":{"line":150,"column":33}},"loc":{"start":{"line":150,"column":52},"end":{"line":165,"column":3}},"line":150},"4":{"name":"(anonymous_4)","decl":{"start":{"line":168,"column":27},"end":{"line":168,"column":28}},"loc":{"start":{"line":168,"column":47},"end":{"line":183,"column":3}},"line":168},"5":{"name":"(anonymous_5)","decl":{"start":{"line":185,"column":27},"end":{"line":185,"column":28}},"loc":{"start":{"line":185,"column":47},"end":{"line":218,"column":3}},"line":185},"6":{"name":"(anonymous_6)","decl":{"start":{"line":220,"column":29},"end":{"line":220,"column":30}},"loc":{"start":{"line":220,"column":49},"end":{"line":244,"column":3}},"line":220}},"branchMap":{"0":{"loc":{"start":{"line":11,"column":4},"end":{"line":16,"column":5}},"type":"if","locations":[{"start":{"line":11,"column":4},"end":{"line":16,"column":5}},{"start":{},"end":{}}],"line":11},"1":{"loc":{"start":{"line":21,"column":4},"end":{"line":26,"column":5}},"type":"if","locations":[{"start":{"line":21,"column":4},"end":{"line":26,"column":5}},{"start":{},"end":{}}],"line":21},"2":{"loc":{"start":{"line":38,"column":4},"end":{"line":43,"column":5}},"type":"if","locations":[{"start":{"line":38,"column":4},"end":{"line":43,"column":5}},{"start":{},"end":{}}],"line":38},"3":{"loc":{"start":{"line":63,"column":4},"end":{"line":68,"column":5}},"type":"if","locations":[{"start":{"line":63,"column":4},"end":{"line":68,"column":5}},{"start":{},"end":{}}],"line":63},"4":{"loc":{"start":{"line":73,"column":4},"end":{"line":78,"column":5}},"type":"if","locations":[{"start":{"line":73,"column":4},"end":{"line":78,"column":5}},{"start":{},"end":{}}],"line":73},"5":{"loc":{"start":{"line":85,"column":4},"end":{"line":90,"column":5}},"type":"if","locations":[{"start":{"line":85,"column":4},"end":{"line":90,"column":5}},{"start":{},"end":{}}],"line":85},"6":{"loc":{"start":{"line":110,"column":4},"end":{"line":115,"column":5}},"type":"if","locations":[{"start":{"line":110,"column":4},"end":{"line":115,"column":5}},{"start":{},"end":{}}],"line":110},"7":{"loc":{"start":{"line":118,"column":4},"end":{"line":123,"column":5}},"type":"if","locations":[{"start":{"line":118,"column":4},"end":{"line":123,"column":5}},{"start":{},"end":{}}],"line":118},"8":{"loc":{"start":{"line":127,"column":22},"end":{"line":127,"column":74}},"type":"binary-expr","locations":[{"start":{"line":127,"column":22},"end":{"line":127,"column":43}},{"start":{"line":127,"column":47},"end":{"line":127,"column":74}}],"line":127},"9":{"loc":{"start":{"line":129,"column":10},"end":{"line":129,"column":70}},"type":"binary-expr","locations":[{"start":{"line":129,"column":10},"end":{"line":129,"column":35}},{"start":{"line":129,"column":39},"end":{"line":129,"column":70}}],"line":129},"10":{"loc":{"start":{"line":131,"column":10},"end":{"line":131,"column":70}},"type":"binary-expr","locations":[{"start":{"line":131,"column":10},"end":{"line":131,"column":35}},{"start":{"line":131,"column":39},"end":{"line":131,"column":70}}],"line":131},"11":{"loc":{"start":{"line":133,"column":10},"end":{"line":133,"column":68}},"type":"binary-expr","locations":[{"start":{"line":133,"column":10},"end":{"line":133,"column":34}},{"start":{"line":133,"column":38},"end":{"line":133,"column":68}}],"line":133},"12":{"loc":{"start":{"line":137,"column":4},"end":{"line":142,"column":5}},"type":"if","locations":[{"start":{"line":137,"column":4},"end":{"line":142,"column":5}},{"start":{},"end":{}}],"line":137},"13":{"loc":{"start":{"line":154,"column":4},"end":{"line":159,"column":5}},"type":"if","locations":[{"start":{"line":154,"column":4},"end":{"line":159,"column":5}},{"start":{},"end":{}}],"line":154},"14":{"loc":{"start":{"line":172,"column":4},"end":{"line":177,"column":5}},"type":"if","locations":[{"start":{"line":172,"column":4},"end":{"line":177,"column":5}},{"start":{},"end":{}}],"line":172},"15":{"loc":{"start":{"line":186,"column":4},"end":{"line":191,"column":5}},"type":"if","locations":[{"start":{"line":186,"column":4},"end":{"line":191,"column":5}},{"start":{},"end":{}}],"line":186},"16":{"loc":{"start":{"line":194,"column":4},"end":{"line":199,"column":5}},"type":"if","locations":[{"start":{"line":194,"column":4},"end":{"line":199,"column":5}},{"start":{},"end":{}}],"line":194},"17":{"loc":{"start":{"line":207,"column":4},"end":{"line":212,"column":5}},"type":"if","locations":[{"start":{"line":207,"column":4},"end":{"line":212,"column":5}},{"start":{},"end":{}}],"line":207},"18":{"loc":{"start":{"line":222,"column":4},"end":{"line":227,"column":5}},"type":"if","locations":[{"start":{"line":222,"column":4},"end":{"line":227,"column":5}},{"start":{},"end":{}}],"line":222},"19":{"loc":{"start":{"line":233,"column":4},"end":{"line":238,"column":5}},"type":"if","locations":[{"start":{"line":233,"column":4},"end":{"line":238,"column":5}},{"start":{},"end":{}}],"line":233}},"s":{"0":1,"1":1,"2":1,"3":1,"4":1,"5":1,"6":1,"7":1,"8":0,"9":1,"10":1,"11":0,"12":1,"13":1,"14":1,"15":1,"16":0,"17":1,"18":1,"19":1,"20":0,"21":0,"22":0,"23":0,"24":0,"25":0,"26":0,"27":0,"28":0,"29":0,"30":1,"31":0,"32":0,"33":0,"34":0,"35":0,"36":0,"37":0,"38":0,"39":0,"40":1,"41":0,"42":0,"43":0,"44":0,"45":1,"46":0,"47":0,"48":0,"49":0,"50":1,"51":0,"52":0,"53":0,"54":0,"55":0,"56":0,"57":0,"58":0,"59":0,"60":1,"61":0,"62":0,"63":0,"64":0,"65":0,"66":0,"67":0,"68":1},"f":{"0":1,"1":0,"2":0,"3":0,"4":0,"5":0,"6":0},"b":{"0":[0,1],"1":[0,1],"2":[0,1],"3":[0,0],"4":[0,0],"5":[0,0],"6":[0,0],"7":[0,0],"8":[0,0],"9":[0,0],"10":[0,0],"11":[0,0],"12":[0,0],"13":[0,0],"14":[0,0],"15":[0,0],"16":[0,0],"17":[0,0],"18":[0,0],"19":[0,0]},"_coverageSchema":"1a1c01bbd47fc00a2c39e90264f33305004495a9","hash":"d21ab8ccca593080d81d0aae425136cae7d645fe"}
,"C:\\Users\\Hp\\WebstormProjects\\s22-ESN-RW2\\Controller\\userController.js": {"path":"C:\\Users\\Hp\\WebstormProjects\\s22-ESN-RW2\\Controller\\userController.js","statementMap":{"0":{"start":{"line":1,"column":13},"end":{"line":1,"column":38}},"1":{"start":{"line":2,"column":15},"end":{"line":2,"column":34}},"2":{"start":{"line":3,"column":12},"end":{"line":3,"column":35}},"3":{"start":{"line":4,"column":15},"end":{"line":4,"column":32}},"4":{"start":{"line":5,"column":19},"end":{"line":5,"column":67}},"5":{"start":{"line":7,"column":0},"end":{"line":7,"column":16}},"6":{"start":{"line":11,"column":15},"end":{"line":31,"column":3}},"7":{"start":{"line":12,"column":4},"end":{"line":30,"column":9}},"8":{"start":{"line":26,"column":8},"end":{"line":26,"column":34}},"9":{"start":{"line":29,"column":8},"end":{"line":29,"column":34}},"10":{"start":{"line":33,"column":23},"end":{"line":48,"column":3}},"11":{"start":{"line":34,"column":4},"end":{"line":47,"column":9}},"12":{"start":{"line":43,"column":8},"end":{"line":43,"column":34}},"13":{"start":{"line":46,"column":8},"end":{"line":46,"column":34}},"14":{"start":{"line":50,"column":15},"end":{"line":91,"column":3}},"15":{"start":{"line":51,"column":19},"end":{"line":51,"column":29}},"16":{"start":{"line":53,"column":4},"end":{"line":58,"column":5}},"17":{"start":{"line":54,"column":6},"end":{"line":57,"column":9}},"18":{"start":{"line":59,"column":4},"end":{"line":90,"column":9}},"19":{"start":{"line":62,"column":8},"end":{"line":82,"column":9}},"20":{"start":{"line":63,"column":10},"end":{"line":67,"column":13}},"21":{"start":{"line":68,"column":10},"end":{"line":72,"column":13}},"22":{"start":{"line":74,"column":10},"end":{"line":77,"column":13}},"23":{"start":{"line":78,"column":10},"end":{"line":81,"column":13}},"24":{"start":{"line":85,"column":8},"end":{"line":89,"column":11}},"25":{"start":{"line":93,"column":21},"end":{"line":132,"column":3}},"26":{"start":{"line":94,"column":19},"end":{"line":94,"column":29}},"27":{"start":{"line":96,"column":4},"end":{"line":131,"column":5}},"28":{"start":{"line":97,"column":6},"end":{"line":100,"column":9}},"29":{"start":{"line":104,"column":6},"end":{"line":130,"column":9}},"30":{"start":{"line":107,"column":8},"end":{"line":122,"column":9}},"31":{"start":{"line":108,"column":10},"end":{"line":112,"column":13}},"32":{"start":{"line":113,"column":23},"end":{"line":113,"column":26}},"33":{"start":{"line":115,"column":10},"end":{"line":115,"column":52}},"34":{"start":{"line":118,"column":10},"end":{"line":121,"column":13}},"35":{"start":{"line":125,"column":8},"end":{"line":129,"column":11}},"36":{"start":{"line":134,"column":15},"end":{"line":151,"column":3}},"37":{"start":{"line":135,"column":19},"end":{"line":135,"column":29}},"38":{"start":{"line":137,"column":4},"end":{"line":142,"column":5}},"39":{"start":{"line":138,"column":6},"end":{"line":141,"column":9}},"40":{"start":{"line":143,"column":4},"end":{"line":150,"column":9}},"41":{"start":{"line":146,"column":8},"end":{"line":146,"column":70}},"42":{"start":{"line":149,"column":8},"end":{"line":149,"column":34}},"43":{"start":{"line":153,"column":14},"end":{"line":175,"column":3}},"44":{"start":{"line":154,"column":19},"end":{"line":154,"column":29}},"45":{"start":{"line":155,"column":4},"end":{"line":160,"column":5}},"46":{"start":{"line":156,"column":6},"end":{"line":159,"column":9}},"47":{"start":{"line":161,"column":4},"end":{"line":174,"column":9}},"48":{"start":{"line":164,"column":8},"end":{"line":167,"column":13}},"49":{"start":{"line":165,"column":10},"end":{"line":167,"column":13}},"50":{"start":{"line":168,"column":8},"end":{"line":168,"column":15}},"51":{"start":{"line":171,"column":8},"end":{"line":173,"column":11}},"52":{"start":{"line":177,"column":13},"end":{"line":241,"column":3}},"53":{"start":{"line":179,"column":38},"end":{"line":179,"column":91}},"54":{"start":{"line":180,"column":6},"end":{"line":187,"column":7}},"55":{"start":{"line":182,"column":8},"end":{"line":186,"column":11}},"56":{"start":{"line":189,"column":38},"end":{"line":189,"column":91}},"57":{"start":{"line":190,"column":6},"end":{"line":197,"column":7}},"58":{"start":{"line":192,"column":8},"end":{"line":196,"column":11}},"59":{"start":{"line":199,"column":4},"end":{"line":240,"column":5}},"60":{"start":{"line":205,"column":6},"end":{"line":208,"column":9}},"61":{"start":{"line":210,"column":27},"end":{"line":210,"column":64}},"62":{"start":{"line":211,"column":22},"end":{"line":214,"column":8}},"63":{"start":{"line":215,"column":6},"end":{"line":239,"column":11}},"64":{"start":{"line":218,"column":22},"end":{"line":227,"column":11}},"65":{"start":{"line":228,"column":10},"end":{"line":234,"column":13}},"66":{"start":{"line":235,"column":10},"end":{"line":235,"column":64}},"67":{"start":{"line":238,"column":10},"end":{"line":238,"column":27}},"68":{"start":{"line":243,"column":22},"end":{"line":331,"column":3}},"69":{"start":{"line":244,"column":15},"end":{"line":244,"column":28}},"70":{"start":{"line":246,"column":4},"end":{"line":252,"column":5}},"71":{"start":{"line":248,"column":6},"end":{"line":251,"column":9}},"72":{"start":{"line":254,"column":15},"end":{"line":258,"column":5}},"73":{"start":{"line":261,"column":36},"end":{"line":261,"column":85}},"74":{"start":{"line":262,"column":4},"end":{"line":268,"column":5}},"75":{"start":{"line":264,"column":6},"end":{"line":267,"column":9}},"76":{"start":{"line":270,"column":4},"end":{"line":270,"column":19}},"77":{"start":{"line":271,"column":30},"end":{"line":271,"column":88}},"78":{"start":{"line":272,"column":4},"end":{"line":330,"column":5}},"79":{"start":{"line":275,"column":6},"end":{"line":288,"column":7}},"80":{"start":{"line":278,"column":40},"end":{"line":278,"column":93}},"81":{"start":{"line":279,"column":8},"end":{"line":285,"column":9}},"82":{"start":{"line":281,"column":10},"end":{"line":284,"column":13}},"83":{"start":{"line":287,"column":8},"end":{"line":287,"column":61}},"84":{"start":{"line":290,"column":6},"end":{"line":322,"column":7}},"85":{"start":{"line":292,"column":8},"end":{"line":295,"column":11}},"86":{"start":{"line":300,"column":24},"end":{"line":300,"column":62}},"87":{"start":{"line":301,"column":8},"end":{"line":321,"column":9}},"88":{"start":{"line":303,"column":10},"end":{"line":303,"column":23}},"89":{"start":{"line":305,"column":10},"end":{"line":308,"column":13}},"90":{"start":{"line":310,"column":10},"end":{"line":313,"column":13}},"91":{"start":{"line":317,"column":10},"end":{"line":320,"column":13}},"92":{"start":{"line":326,"column":6},"end":{"line":329,"column":9}},"93":{"start":{"line":333,"column":10},"end":{"line":408,"column":3}},"94":{"start":{"line":334,"column":4},"end":{"line":407,"column":5}},"95":{"start":{"line":335,"column":6},"end":{"line":337,"column":9}},"96":{"start":{"line":339,"column":23},"end":{"line":339,"column":40}},"97":{"start":{"line":340,"column":23},"end":{"line":340,"column":40}},"98":{"start":{"line":342,"column":6},"end":{"line":406,"column":11}},"99":{"start":{"line":347,"column":10},"end":{"line":398,"column":11}},"100":{"start":{"line":348,"column":12},"end":{"line":392,"column":13}},"101":{"start":{"line":350,"column":14},"end":{"line":354,"column":17}},"102":{"start":{"line":358,"column":14},"end":{"line":391,"column":17}},"103":{"start":{"line":359,"column":16},"end":{"line":364,"column":17}},"104":{"start":{"line":360,"column":18},"end":{"line":363,"column":21}},"105":{"start":{"line":366,"column":16},"end":{"line":390,"column":17}},"106":{"start":{"line":367,"column":30},"end":{"line":377,"column":19}},"107":{"start":{"line":378,"column":18},"end":{"line":384,"column":21}},"108":{"start":{"line":386,"column":18},"end":{"line":389,"column":21}},"109":{"start":{"line":394,"column":12},"end":{"line":397,"column":15}},"110":{"start":{"line":401,"column":10},"end":{"line":401,"column":43}},"111":{"start":{"line":402,"column":10},"end":{"line":405,"column":13}},"112":{"start":{"line":413,"column":4},"end":{"line":415,"column":5}},"113":{"start":{"line":414,"column":6},"end":{"line":414,"column":43}},"114":{"start":{"line":418,"column":4},"end":{"line":418,"column":25}},"115":{"start":{"line":422,"column":19},"end":{"line":422,"column":48}},"116":{"start":{"line":424,"column":0},"end":{"line":424,"column":42}}},"fnMap":{"0":{"name":"(anonymous_0)","decl":{"start":{"line":10,"column":2},"end":{"line":10,"column":3}},"loc":{"start":{"line":10,"column":16},"end":{"line":10,"column":18}},"line":10},"1":{"name":"(anonymous_1)","decl":{"start":{"line":11,"column":15},"end":{"line":11,"column":16}},"loc":{"start":{"line":11,"column":29},"end":{"line":31,"column":3}},"line":11},"2":{"name":"(anonymous_2)","decl":{"start":{"line":25,"column":12},"end":{"line":25,"column":13}},"loc":{"start":{"line":25,"column":21},"end":{"line":27,"column":7}},"line":25},"3":{"name":"(anonymous_3)","decl":{"start":{"line":28,"column":13},"end":{"line":28,"column":14}},"loc":{"start":{"line":28,"column":22},"end":{"line":30,"column":7}},"line":28},"4":{"name":"(anonymous_4)","decl":{"start":{"line":33,"column":23},"end":{"line":33,"column":24}},"loc":{"start":{"line":33,"column":37},"end":{"line":48,"column":3}},"line":33},"5":{"name":"(anonymous_5)","decl":{"start":{"line":42,"column":12},"end":{"line":42,"column":13}},"loc":{"start":{"line":42,"column":21},"end":{"line":44,"column":7}},"line":42},"6":{"name":"(anonymous_6)","decl":{"start":{"line":45,"column":13},"end":{"line":45,"column":14}},"loc":{"start":{"line":45,"column":22},"end":{"line":47,"column":7}},"line":45},"7":{"name":"(anonymous_7)","decl":{"start":{"line":50,"column":15},"end":{"line":50,"column":16}},"loc":{"start":{"line":50,"column":29},"end":{"line":91,"column":3}},"line":50},"8":{"name":"(anonymous_8)","decl":{"start":{"line":61,"column":12},"end":{"line":61,"column":13}},"loc":{"start":{"line":61,"column":21},"end":{"line":83,"column":7}},"line":61},"9":{"name":"(anonymous_9)","decl":{"start":{"line":84,"column":13},"end":{"line":84,"column":14}},"loc":{"start":{"line":84,"column":22},"end":{"line":90,"column":7}},"line":84},"10":{"name":"(anonymous_10)","decl":{"start":{"line":93,"column":21},"end":{"line":93,"column":22}},"loc":{"start":{"line":93,"column":35},"end":{"line":132,"column":3}},"line":93},"11":{"name":"(anonymous_11)","decl":{"start":{"line":106,"column":12},"end":{"line":106,"column":13}},"loc":{"start":{"line":106,"column":21},"end":{"line":123,"column":7}},"line":106},"12":{"name":"(anonymous_12)","decl":{"start":{"line":124,"column":13},"end":{"line":124,"column":14}},"loc":{"start":{"line":124,"column":22},"end":{"line":130,"column":7}},"line":124},"13":{"name":"(anonymous_13)","decl":{"start":{"line":134,"column":15},"end":{"line":134,"column":16}},"loc":{"start":{"line":134,"column":29},"end":{"line":151,"column":3}},"line":134},"14":{"name":"(anonymous_14)","decl":{"start":{"line":145,"column":12},"end":{"line":145,"column":13}},"loc":{"start":{"line":145,"column":24},"end":{"line":147,"column":7}},"line":145},"15":{"name":"(anonymous_15)","decl":{"start":{"line":148,"column":13},"end":{"line":148,"column":14}},"loc":{"start":{"line":148,"column":22},"end":{"line":150,"column":7}},"line":148},"16":{"name":"(anonymous_16)","decl":{"start":{"line":153,"column":14},"end":{"line":153,"column":15}},"loc":{"start":{"line":153,"column":34},"end":{"line":175,"column":3}},"line":153},"17":{"name":"(anonymous_17)","decl":{"start":{"line":163,"column":12},"end":{"line":163,"column":13}},"loc":{"start":{"line":163,"column":21},"end":{"line":169,"column":7}},"line":163},"18":{"name":"(anonymous_18)","decl":{"start":{"line":170,"column":13},"end":{"line":170,"column":14}},"loc":{"start":{"line":170,"column":22},"end":{"line":174,"column":7}},"line":170},"19":{"name":"(anonymous_19)","decl":{"start":{"line":177,"column":13},"end":{"line":177,"column":14}},"loc":{"start":{"line":177,"column":27},"end":{"line":241,"column":3}},"line":177},"20":{"name":"(anonymous_20)","decl":{"start":{"line":217,"column":14},"end":{"line":217,"column":15}},"loc":{"start":{"line":217,"column":26},"end":{"line":236,"column":9}},"line":217},"21":{"name":"(anonymous_21)","decl":{"start":{"line":237,"column":15},"end":{"line":237,"column":16}},"loc":{"start":{"line":237,"column":24},"end":{"line":239,"column":9}},"line":237},"22":{"name":"(anonymous_22)","decl":{"start":{"line":243,"column":22},"end":{"line":243,"column":23}},"loc":{"start":{"line":243,"column":42},"end":{"line":331,"column":3}},"line":243},"23":{"name":"(anonymous_23)","decl":{"start":{"line":333,"column":10},"end":{"line":333,"column":11}},"loc":{"start":{"line":333,"column":24},"end":{"line":408,"column":3}},"line":333},"24":{"name":"(anonymous_24)","decl":{"start":{"line":346,"column":14},"end":{"line":346,"column":15}},"loc":{"start":{"line":346,"column":23},"end":{"line":399,"column":9}},"line":346},"25":{"name":"(anonymous_25)","decl":{"start":{"line":358,"column":53},"end":{"line":358,"column":54}},"loc":{"start":{"line":358,"column":76},"end":{"line":391,"column":15}},"line":358},"26":{"name":"(anonymous_26)","decl":{"start":{"line":400,"column":15},"end":{"line":400,"column":16}},"loc":{"start":{"line":400,"column":24},"end":{"line":406,"column":9}},"line":400},"27":{"name":"(anonymous_27)","decl":{"start":{"line":412,"column":2},"end":{"line":412,"column":3}},"loc":{"start":{"line":412,"column":16},"end":{"line":416,"column":3}},"line":412},"28":{"name":"(anonymous_28)","decl":{"start":{"line":417,"column":2},"end":{"line":417,"column":3}},"loc":{"start":{"line":417,"column":16},"end":{"line":419,"column":3}},"line":417}},"branchMap":{"0":{"loc":{"start":{"line":53,"column":4},"end":{"line":58,"column":5}},"type":"if","locations":[{"start":{"line":53,"column":4},"end":{"line":58,"column":5}},{"start":{},"end":{}}],"line":53},"1":{"loc":{"start":{"line":62,"column":8},"end":{"line":82,"column":9}},"type":"if","locations":[{"start":{"line":62,"column":8},"end":{"line":82,"column":9}},{"start":{"line":73,"column":15},"end":{"line":82,"column":9}}],"line":62},"2":{"loc":{"start":{"line":96,"column":4},"end":{"line":131,"column":5}},"type":"if","locations":[{"start":{"line":96,"column":4},"end":{"line":131,"column":5}},{"start":{"line":103,"column":4},"end":{"line":131,"column":5}}],"line":96},"3":{"loc":{"start":{"line":107,"column":8},"end":{"line":122,"column":9}},"type":"if","locations":[{"start":{"line":107,"column":8},"end":{"line":122,"column":9}},{"start":{"line":117,"column":15},"end":{"line":122,"column":9}}],"line":107},"4":{"loc":{"start":{"line":137,"column":4},"end":{"line":142,"column":5}},"type":"if","locations":[{"start":{"line":137,"column":4},"end":{"line":142,"column":5}},{"start":{},"end":{}}],"line":137},"5":{"loc":{"start":{"line":155,"column":4},"end":{"line":160,"column":5}},"type":"if","locations":[{"start":{"line":155,"column":4},"end":{"line":160,"column":5}},{"start":{},"end":{}}],"line":155},"6":{"loc":{"start":{"line":164,"column":8},"end":{"line":167,"column":13}},"type":"if","locations":[{"start":{"line":164,"column":8},"end":{"line":167,"column":13}},{"start":{},"end":{}}],"line":164},"7":{"loc":{"start":{"line":180,"column":6},"end":{"line":187,"column":7}},"type":"if","locations":[{"start":{"line":180,"column":6},"end":{"line":187,"column":7}},{"start":{},"end":{}}],"line":180},"8":{"loc":{"start":{"line":190,"column":6},"end":{"line":197,"column":7}},"type":"if","locations":[{"start":{"line":190,"column":6},"end":{"line":197,"column":7}},{"start":{},"end":{}}],"line":190},"9":{"loc":{"start":{"line":199,"column":4},"end":{"line":240,"column":5}},"type":"if","locations":[{"start":{"line":199,"column":4},"end":{"line":240,"column":5}},{"start":{"line":209,"column":11},"end":{"line":240,"column":5}}],"line":199},"10":{"loc":{"start":{"line":246,"column":4},"end":{"line":252,"column":5}},"type":"if","locations":[{"start":{"line":246,"column":4},"end":{"line":252,"column":5}},{"start":{},"end":{}}],"line":246},"11":{"loc":{"start":{"line":262,"column":4},"end":{"line":268,"column":5}},"type":"if","locations":[{"start":{"line":262,"column":4},"end":{"line":268,"column":5}},{"start":{},"end":{}}],"line":262},"12":{"loc":{"start":{"line":272,"column":4},"end":{"line":330,"column":5}},"type":"if","locations":[{"start":{"line":272,"column":4},"end":{"line":330,"column":5}},{"start":{"line":325,"column":4},"end":{"line":330,"column":5}}],"line":272},"13":{"loc":{"start":{"line":275,"column":6},"end":{"line":288,"column":7}},"type":"if","locations":[{"start":{"line":275,"column":6},"end":{"line":288,"column":7}},{"start":{},"end":{}}],"line":275},"14":{"loc":{"start":{"line":279,"column":8},"end":{"line":285,"column":9}},"type":"if","locations":[{"start":{"line":279,"column":8},"end":{"line":285,"column":9}},{"start":{},"end":{}}],"line":279},"15":{"loc":{"start":{"line":290,"column":6},"end":{"line":322,"column":7}},"type":"if","locations":[{"start":{"line":290,"column":6},"end":{"line":322,"column":7}},{"start":{"line":298,"column":6},"end":{"line":322,"column":7}}],"line":290},"16":{"loc":{"start":{"line":301,"column":8},"end":{"line":321,"column":9}},"type":"if","locations":[{"start":{"line":301,"column":8},"end":{"line":321,"column":9}},{"start":{"line":316,"column":8},"end":{"line":321,"column":9}}],"line":301},"17":{"loc":{"start":{"line":334,"column":4},"end":{"line":407,"column":5}},"type":"if","locations":[{"start":{"line":334,"column":4},"end":{"line":407,"column":5}},{"start":{"line":338,"column":11},"end":{"line":407,"column":5}}],"line":334},"18":{"loc":{"start":{"line":347,"column":10},"end":{"line":398,"column":11}},"type":"if","locations":[{"start":{"line":347,"column":10},"end":{"line":398,"column":11}},{"start":{"line":393,"column":17},"end":{"line":398,"column":11}}],"line":347},"19":{"loc":{"start":{"line":348,"column":12},"end":{"line":392,"column":13}},"type":"if","locations":[{"start":{"line":348,"column":12},"end":{"line":392,"column":13}},{"start":{"line":357,"column":12},"end":{"line":392,"column":13}}],"line":348},"20":{"loc":{"start":{"line":359,"column":16},"end":{"line":364,"column":17}},"type":"if","locations":[{"start":{"line":359,"column":16},"end":{"line":364,"column":17}},{"start":{},"end":{}}],"line":359},"21":{"loc":{"start":{"line":366,"column":16},"end":{"line":390,"column":17}},"type":"if","locations":[{"start":{"line":366,"column":16},"end":{"line":390,"column":17}},{"start":{"line":385,"column":23},"end":{"line":390,"column":17}}],"line":366},"22":{"loc":{"start":{"line":413,"column":4},"end":{"line":415,"column":5}},"type":"if","locations":[{"start":{"line":413,"column":4},"end":{"line":415,"column":5}},{"start":{},"end":{}}],"line":413}},"s":{"0":1,"1":1,"2":1,"3":1,"4":1,"5":1,"6":1,"7":0,"8":0,"9":0,"10":1,"11":0,"12":0,"13":0,"14":1,"15":0,"16":0,"17":0,"18":0,"19":0,"20":0,"21":0,"22":0,"23":0,"24":0,"25":1,"26":0,"27":0,"28":0,"29":0,"30":0,"31":0,"32":0,"33":0,"34":0,"35":0,"36":1,"37":0,"38":0,"39":0,"40":0,"41":0,"42":0,"43":1,"44":0,"45":0,"46":0,"47":0,"48":0,"49":0,"50":0,"51":0,"52":1,"53":1,"54":1,"55":0,"56":1,"57":1,"58":1,"59":0,"60":0,"61":0,"62":0,"63":0,"64":0,"65":0,"66":0,"67":0,"68":1,"69":0,"70":0,"71":0,"72":0,"73":0,"74":0,"75":0,"76":0,"77":0,"78":0,"79":0,"80":0,"81":0,"82":0,"83":0,"84":0,"85":0,"86":0,"87":0,"88":0,"89":0,"90":0,"91":0,"92":0,"93":1,"94":3,"95":1,"96":2,"97":2,"98":2,"99":2,"100":1,"101":0,"102":1,"103":1,"104":0,"105":1,"106":1,"107":1,"108":0,"109":1,"110":0,"111":0,"112":1,"113":1,"114":1,"115":1,"116":1},"f":{"0":1,"1":0,"2":0,"3":0,"4":0,"5":0,"6":0,"7":0,"8":0,"9":0,"10":0,"11":0,"12":0,"13":0,"14":0,"15":0,"16":0,"17":0,"18":0,"19":1,"20":0,"21":0,"22":0,"23":3,"24":2,"25":1,"26":0,"27":1,"28":1},"b":{"0":[0,0],"1":[0,0],"2":[0,0],"3":[0,0],"4":[0,0],"5":[0,0],"6":[0,0],"7":[0,1],"8":[1,0],"9":[0,0],"10":[0,0],"11":[0,0],"12":[0,0],"13":[0,0],"14":[0,0],"15":[0,0],"16":[0,0],"17":[1,2],"18":[1,1],"19":[0,1],"20":[0,1],"21":[1,0],"22":[1,0]},"_coverageSchema":"1a1c01bbd47fc00a2c39e90264f33305004495a9","hash":"7ff858c72d47925b0b9908f3983ca185f52218db"}
,"C:\\Users\\Hp\\WebstormProjects\\s22-ESN-RW2\\Controller\\userStatusController.js": {"path":"C:\\Users\\Hp\\WebstormProjects\\s22-ESN-RW2\\Controller\\userStatusController.js","statementMap":{"0":{"start":{"line":1,"column":19},"end":{"line":1,"column":51}},"1":{"start":{"line":2,"column":13},"end":{"line":2,"column":38}},"2":{"start":{"line":3,"column":18},"end":{"line":3,"column":64}},"3":{"start":{"line":5,"column":0},"end":{"line":46,"column":2}},"4":{"start":{"line":9,"column":2},"end":{"line":45,"column":3}},"5":{"start":{"line":13,"column":4},"end":{"line":35,"column":5}},"6":{"start":{"line":15,"column":6},"end":{"line":18,"column":9}},"7":{"start":{"line":22,"column":25},"end":{"line":22,"column":33}},"8":{"start":{"line":23,"column":21},"end":{"line":27,"column":7}},"9":{"start":{"line":29,"column":26},"end":{"line":29,"column":57}},"10":{"start":{"line":30,"column":6},"end":{"line":34,"column":9}},"11":{"start":{"line":38,"column":4},"end":{"line":38,"column":31}},"12":{"start":{"line":48,"column":0},"end":{"line":65,"column":2}},"13":{"start":{"line":52,"column":2},"end":{"line":64,"column":3}},"14":{"start":{"line":53,"column":19},"end":{"line":53,"column":32}},"15":{"start":{"line":55,"column":4},"end":{"line":58,"column":7}},"16":{"start":{"line":60,"column":4},"end":{"line":63,"column":7}},"17":{"start":{"line":67,"column":0},"end":{"line":95,"column":2}},"18":{"start":{"line":71,"column":2},"end":{"line":94,"column":3}},"19":{"start":{"line":73,"column":23},"end":{"line":73,"column":61}},"20":{"start":{"line":74,"column":4},"end":{"line":88,"column":5}},"21":{"start":{"line":75,"column":6},"end":{"line":78,"column":9}},"22":{"start":{"line":82,"column":6},"end":{"line":87,"column":9}},"23":{"start":{"line":90,"column":4},"end":{"line":93,"column":7}},"24":{"start":{"line":97,"column":0},"end":{"line":156,"column":2}},"25":{"start":{"line":101,"column":2},"end":{"line":155,"column":3}},"26":{"start":{"line":102,"column":20},"end":{"line":102,"column":33}},"27":{"start":{"line":103,"column":22},"end":{"line":103,"column":37}},"28":{"start":{"line":105,"column":17},"end":{"line":105,"column":45}},"29":{"start":{"line":106,"column":4},"end":{"line":111,"column":5}},"30":{"start":{"line":107,"column":6},"end":{"line":110,"column":9}},"31":{"start":{"line":115,"column":19},"end":{"line":118,"column":21}},"32":{"start":{"line":119,"column":4},"end":{"line":124,"column":5}},"33":{"start":{"line":120,"column":6},"end":{"line":123,"column":9}},"34":{"start":{"line":126,"column":24},"end":{"line":128,"column":6}},"35":{"start":{"line":129,"column":4},"end":{"line":144,"column":5}},"36":{"start":{"line":130,"column":6},"end":{"line":133,"column":9}},"37":{"start":{"line":137,"column":18},"end":{"line":137,"column":105}},"38":{"start":{"line":138,"column":6},"end":{"line":141,"column":9}},"39":{"start":{"line":145,"column":4},"end":{"line":149,"column":7}},"40":{"start":{"line":151,"column":4},"end":{"line":154,"column":7}}},"fnMap":{"0":{"name":"(anonymous_0)","decl":{"start":{"line":5,"column":21},"end":{"line":5,"column":22}},"loc":{"start":{"line":5,"column":41},"end":{"line":46,"column":1}},"line":5},"1":{"name":"(anonymous_1)","decl":{"start":{"line":48,"column":24},"end":{"line":48,"column":25}},"loc":{"start":{"line":48,"column":38},"end":{"line":65,"column":1}},"line":48},"2":{"name":"(anonymous_2)","decl":{"start":{"line":67,"column":20},"end":{"line":67,"column":21}},"loc":{"start":{"line":67,"column":40},"end":{"line":95,"column":1}},"line":67},"3":{"name":"(anonymous_3)","decl":{"start":{"line":97,"column":25},"end":{"line":97,"column":26}},"loc":{"start":{"line":97,"column":45},"end":{"line":156,"column":1}},"line":97}},"branchMap":{"0":{"loc":{"start":{"line":13,"column":4},"end":{"line":35,"column":5}},"type":"if","locations":[{"start":{"line":13,"column":4},"end":{"line":35,"column":5}},{"start":{"line":21,"column":4},"end":{"line":35,"column":5}}],"line":13},"1":{"loc":{"start":{"line":74,"column":4},"end":{"line":88,"column":5}},"type":"if","locations":[{"start":{"line":74,"column":4},"end":{"line":88,"column":5}},{"start":{"line":81,"column":4},"end":{"line":88,"column":5}}],"line":74},"2":{"loc":{"start":{"line":106,"column":4},"end":{"line":111,"column":5}},"type":"if","locations":[{"start":{"line":106,"column":4},"end":{"line":111,"column":5}},{"start":{},"end":{}}],"line":106},"3":{"loc":{"start":{"line":119,"column":4},"end":{"line":124,"column":5}},"type":"if","locations":[{"start":{"line":119,"column":4},"end":{"line":124,"column":5}},{"start":{},"end":{}}],"line":119},"4":{"loc":{"start":{"line":129,"column":4},"end":{"line":144,"column":5}},"type":"if","locations":[{"start":{"line":129,"column":4},"end":{"line":144,"column":5}},{"start":{"line":134,"column":11},"end":{"line":144,"column":5}}],"line":129}},"s":{"0":1,"1":1,"2":1,"3":1,"4":0,"5":0,"6":0,"7":0,"8":0,"9":0,"10":0,"11":0,"12":1,"13":0,"14":0,"15":0,"16":0,"17":1,"18":1,"19":1,"20":1,"21":0,"22":1,"23":0,"24":1,"25":0,"26":0,"27":0,"28":0,"29":0,"30":0,"31":0,"32":0,"33":0,"34":0,"35":0,"36":0,"37":0,"38":0,"39":0,"40":0},"f":{"0":0,"1":0,"2":1,"3":0},"b":{"0":[0,0],"1":[0,1],"2":[0,0],"3":[0,0],"4":[0,0]},"_coverageSchema":"1a1c01bbd47fc00a2c39e90264f33305004495a9","hash":"9e7314fbb47a320064db6168ca1acbda5c72e3fe"}
,"C:\\Users\\Hp\\WebstormProjects\\s22-ESN-RW2\\IntegrationTests\\serverTest.js": {"path":"C:\\Users\\Hp\\WebstormProjects\\s22-ESN-RW2\\IntegrationTests\\serverTest.js","statementMap":{"0":{"start":{"line":2,"column":16},"end":{"line":2,"column":34}},"1":{"start":{"line":3,"column":12},"end":{"line":3,"column":21}},"2":{"start":{"line":4,"column":13},"end":{"line":4,"column":28}},"3":{"start":{"line":5,"column":19},"end":{"line":5,"column":41}},"4":{"start":{"line":8,"column":0},"end":{"line":8,"column":24}},"5":{"start":{"line":9,"column":0},"end":{"line":9,"column":16}},"6":{"start":{"line":10,"column":0},"end":{"line":10,"column":27}},"7":{"start":{"line":11,"column":0},"end":{"line":11,"column":51}},"8":{"start":{"line":17,"column":8},"end":{"line":19,"column":9}},"9":{"start":{"line":18,"column":12},"end":{"line":18,"column":37}},"10":{"start":{"line":22,"column":8},"end":{"line":22,"column":29}},"11":{"start":{"line":26,"column":17},"end":{"line":26,"column":35}},"12":{"start":{"line":28,"column":0},"end":{"line":28,"column":42}}},"fnMap":{"0":{"name":"(anonymous_0)","decl":{"start":{"line":16,"column":4},"end":{"line":16,"column":5}},"loc":{"start":{"line":16,"column":26},"end":{"line":20,"column":5}},"line":16},"1":{"name":"(anonymous_1)","decl":{"start":{"line":21,"column":4},"end":{"line":21,"column":5}},"loc":{"start":{"line":21,"column":18},"end":{"line":23,"column":5}},"line":21}},"branchMap":{"0":{"loc":{"start":{"line":17,"column":8},"end":{"line":19,"column":9}},"type":"if","locations":[{"start":{"line":17,"column":8},"end":{"line":19,"column":9}},{"start":{},"end":{}}],"line":17}},"s":{"0":3,"1":3,"2":3,"3":3,"4":3,"5":3,"6":3,"7":3,"8":3,"9":3,"10":3,"11":3,"12":3},"f":{"0":3,"1":3},"b":{"0":[3,0]},"_coverageSchema":"1a1c01bbd47fc00a2c39e90264f33305004495a9","hash":"a730f5d83f0d730b79af8f6c6be0472123e4290b"}
,"C:\\Users\\Hp\\WebstormProjects\\s22-ESN-RW2\\Models\\ExternalCompanyModel.js": {"path":"C:\\Users\\Hp\\WebstormProjects\\s22-ESN-RW2\\Models\\ExternalCompanyModel.js","statementMap":{"0":{"start":{"line":1,"column":17},"end":{"line":1,"column":36}},"1":{"start":{"line":2,"column":15},"end":{"line":2,"column":34}},"2":{"start":{"line":4,"column":30},"end":{"line":30,"column":2}},"3":{"start":{"line":44,"column":4},"end":{"line":47,"column":5}},"4":{"start":{"line":46,"column":6},"end":{"line":46,"column":68}},"5":{"start":{"line":51,"column":4},"end":{"line":51,"column":25}},"6":{"start":{"line":55,"column":14},"end":{"line":55,"column":69}},"7":{"start":{"line":57,"column":0},"end":{"line":57,"column":34}}},"fnMap":{"0":{"name":"(anonymous_0)","decl":{"start":{"line":43,"column":2},"end":{"line":43,"column":3}},"loc":{"start":{"line":43,"column":36},"end":{"line":48,"column":3}},"line":43},"1":{"name":"(anonymous_1)","decl":{"start":{"line":50,"column":2},"end":{"line":50,"column":3}},"loc":{"start":{"line":50,"column":13},"end":{"line":52,"column":3}},"line":50}},"branchMap":{"0":{"loc":{"start":{"line":44,"column":4},"end":{"line":47,"column":5}},"type":"if","locations":[{"start":{"line":44,"column":4},"end":{"line":47,"column":5}},{"start":{},"end":{}}],"line":44}},"s":{"0":1,"1":1,"2":1,"3":1,"4":1,"5":1,"6":1,"7":1},"f":{"0":1,"1":1},"b":{"0":[1,0]},"_coverageSchema":"1a1c01bbd47fc00a2c39e90264f33305004495a9","hash":"d630b23973a41a4ff95783238748c6fa786d47ff"}
,"C:\\Users\\Hp\\WebstormProjects\\s22-ESN-RW2\\Models\\user.js": {"path":"C:\\Users\\Hp\\WebstormProjects\\s22-ESN-RW2\\Models\\user.js","statementMap":{"0":{"start":{"line":1,"column":17},"end":{"line":1,"column":36}},"1":{"start":{"line":2,"column":15},"end":{"line":2,"column":34}},"2":{"start":{"line":4,"column":17},"end":{"line":52,"column":2}},"3":{"start":{"line":54,"column":0},"end":{"line":57,"column":1}},"4":{"start":{"line":56,"column":4},"end":{"line":56,"column":63}},"5":{"start":{"line":66,"column":8},"end":{"line":69,"column":9}},"6":{"start":{"line":68,"column":12},"end":{"line":68,"column":64}},"7":{"start":{"line":74,"column":8},"end":{"line":74,"column":29}},"8":{"start":{"line":78,"column":14},"end":{"line":78,"column":52}},"9":{"start":{"line":80,"column":0},"end":{"line":80,"column":34}}},"fnMap":{"0":{"name":"(anonymous_0)","decl":{"start":{"line":54,"column":39},"end":{"line":54,"column":40}},"loc":{"start":{"line":55,"column":0},"end":{"line":57,"column":1}},"line":55},"1":{"name":"(anonymous_1)","decl":{"start":{"line":64,"column":4},"end":{"line":64,"column":5}},"loc":{"start":{"line":65,"column":4},"end":{"line":70,"column":5}},"line":65},"2":{"name":"(anonymous_2)","decl":{"start":{"line":72,"column":4},"end":{"line":72,"column":5}},"loc":{"start":{"line":73,"column":4},"end":{"line":75,"column":5}},"line":73}},"branchMap":{"0":{"loc":{"start":{"line":66,"column":8},"end":{"line":69,"column":9}},"type":"if","locations":[{"start":{"line":66,"column":8},"end":{"line":69,"column":9}},{"start":{},"end":{}}],"line":66}},"s":{"0":2,"1":2,"2":2,"3":2,"4":0,"5":2,"6":2,"7":2,"8":2,"9":2},"f":{"0":0,"1":2,"2":2},"b":{"0":[2,0]},"_coverageSchema":"1a1c01bbd47fc00a2c39e90264f33305004495a9","hash":"08fbb8ddf102d43255b37e18774658325da6cd9a"}
,"C:\\Users\\Hp\\WebstormProjects\\s22-ESN-RW2\\Models\\user_status.js": {"path":"C:\\Users\\Hp\\WebstormProjects\\s22-ESN-RW2\\Models\\user_status.js","statementMap":{"0":{"start":{"line":1,"column":17},"end":{"line":1,"column":36}},"1":{"start":{"line":3,"column":24},"end":{"line":22,"column":1}},"2":{"start":{"line":31,"column":8},"end":{"line":34,"column":9}},"3":{"start":{"line":33,"column":12},"end":{"line":33,"column":69}},"4":{"start":{"line":39,"column":8},"end":{"line":39,"column":29}},"5":{"start":{"line":43,"column":14},"end":{"line":43,"column":57}},"6":{"start":{"line":44,"column":0},"end":{"line":44,"column":34}}},"fnMap":{"0":{"name":"(anonymous_0)","decl":{"start":{"line":29,"column":4},"end":{"line":29,"column":5}},"loc":{"start":{"line":30,"column":4},"end":{"line":35,"column":5}},"line":30},"1":{"name":"(anonymous_1)","decl":{"start":{"line":37,"column":4},"end":{"line":37,"column":5}},"loc":{"start":{"line":38,"column":4},"end":{"line":40,"column":5}},"line":38}},"branchMap":{"0":{"loc":{"start":{"line":31,"column":8},"end":{"line":34,"column":9}},"type":"if","locations":[{"start":{"line":31,"column":8},"end":{"line":34,"column":9}},{"start":{},"end":{}}],"line":31}},"s":{"0":1,"1":1,"2":1,"3":1,"4":1,"5":1,"6":1},"f":{"0":1,"1":1},"b":{"0":[1,0]},"_coverageSchema":"1a1c01bbd47fc00a2c39e90264f33305004495a9","hash":"6e5a055120ed37fc40ee75f06d759ba42421806a"}
,"C:\\Users\\Hp\\WebstormProjects\\s22-ESN-RW2\\utils\\helper_classes\\BannedUsernamesHelper.js": {"path":"C:\\Users\\Hp\\WebstormProjects\\s22-ESN-RW2\\utils\\helper_classes\\BannedUsernamesHelper.js","statementMap":{"0":{"start":{"line":2,"column":23},"end":{"line":28,"column":5}},"1":{"start":{"line":31,"column":22},"end":{"line":31,"column":85}},"2":{"start":{"line":32,"column":8},"end":{"line":32,"column":26}},"3":{"start":{"line":36,"column":0},"end":{"line":36,"column":45}}},"fnMap":{"0":{"name":"(anonymous_0)","decl":{"start":{"line":30,"column":4},"end":{"line":30,"column":5}},"loc":{"start":{"line":30,"column":31},"end":{"line":33,"column":5}},"line":30}},"branchMap":{},"s":{"0":8,"1":1,"2":1,"3":8},"f":{"0":1},"b":{},"_coverageSchema":"1a1c01bbd47fc00a2c39e90264f33305004495a9","hash":"f893ad400b147dd2ed7025b8740af66a357fbfb3"}
,"C:\\Users\\Hp\\WebstormProjects\\s22-ESN-RW2\\utils\\helper_classes\\Validations.js": {"path":"C:\\Users\\Hp\\WebstormProjects\\s22-ESN-RW2\\utils\\helper_classes\\Validations.js","statementMap":{"0":{"start":{"line":1,"column":30},"end":{"line":1,"column":64}},"1":{"start":{"line":6,"column":4},"end":{"line":8,"column":5}},"2":{"start":{"line":7,"column":6},"end":{"line":7,"column":19}},"3":{"start":{"line":9,"column":4},"end":{"line":9,"column":16}},"4":{"start":{"line":13,"column":4},"end":{"line":17,"column":5}},"5":{"start":{"line":14,"column":6},"end":{"line":14,"column":15}},"6":{"start":{"line":16,"column":6},"end":{"line":16,"column":15}},"7":{"start":{"line":21,"column":4},"end":{"line":23,"column":5}},"8":{"start":{"line":22,"column":6},"end":{"line":22,"column":19}},"9":{"start":{"line":24,"column":4},"end":{"line":24,"column":16}},"10":{"start":{"line":28,"column":4},"end":{"line":30,"column":5}},"11":{"start":{"line":29,"column":6},"end":{"line":29,"column":19}},"12":{"start":{"line":31,"column":4},"end":{"line":31,"column":16}},"13":{"start":{"line":35,"column":4},"end":{"line":37,"column":5}},"14":{"start":{"line":36,"column":6},"end":{"line":36,"column":19}},"15":{"start":{"line":38,"column":4},"end":{"line":38,"column":16}},"16":{"start":{"line":41,"column":4},"end":{"line":50,"column":5}},"17":{"start":{"line":49,"column":6},"end":{"line":49,"column":19}},"18":{"start":{"line":51,"column":4},"end":{"line":51,"column":16}},"19":{"start":{"line":55,"column":21},"end":{"line":55,"column":40}},"20":{"start":{"line":56,"column":4},"end":{"line":64,"column":5}},"21":{"start":{"line":57,"column":20},"end":{"line":57,"column":47}},"22":{"start":{"line":58,"column":6},"end":{"line":60,"column":7}},"23":{"start":{"line":59,"column":8},"end":{"line":59,"column":21}},"24":{"start":{"line":61,"column":6},"end":{"line":61,"column":18}},"25":{"start":{"line":63,"column":6},"end":{"line":63,"column":19}},"26":{"start":{"line":69,"column":6},"end":{"line":69,"column":678}},"27":{"start":{"line":70,"column":14},"end":{"line":70,"column":26}},"28":{"start":{"line":71,"column":4},"end":{"line":73,"column":5}},"29":{"start":{"line":71,"column":17},"end":{"line":71,"column":18}},"30":{"start":{"line":72,"column":6},"end":{"line":72,"column":29}},"31":{"start":{"line":74,"column":4},"end":{"line":74,"column":15}},"32":{"start":{"line":79,"column":4},"end":{"line":97,"column":5}},"33":{"start":{"line":81,"column":6},"end":{"line":92,"column":7}},"34":{"start":{"line":83,"column":8},"end":{"line":86,"column":9}},"35":{"start":{"line":85,"column":10},"end":{"line":85,"column":23}},"36":{"start":{"line":87,"column":8},"end":{"line":87,"column":20}},"37":{"start":{"line":91,"column":8},"end":{"line":91,"column":21}},"38":{"start":{"line":96,"column":6},"end":{"line":96,"column":19}},"39":{"start":{"line":102,"column":4},"end":{"line":116,"column":5}},"40":{"start":{"line":104,"column":6},"end":{"line":104,"column":19}},"41":{"start":{"line":108,"column":6},"end":{"line":115,"column":7}},"42":{"start":{"line":110,"column":8},"end":{"line":110,"column":20}},"43":{"start":{"line":114,"column":8},"end":{"line":114,"column":21}},"44":{"start":{"line":121,"column":4},"end":{"line":125,"column":5}},"45":{"start":{"line":122,"column":6},"end":{"line":122,"column":18}},"46":{"start":{"line":124,"column":6},"end":{"line":124,"column":19}},"47":{"start":{"line":129,"column":4},"end":{"line":133,"column":5}},"48":{"start":{"line":130,"column":6},"end":{"line":130,"column":56}},"49":{"start":{"line":131,"column":11},"end":{"line":133,"column":5}},"50":{"start":{"line":132,"column":6},"end":{"line":132,"column":39}},"51":{"start":{"line":134,"column":4},"end":{"line":134,"column":16}},"52":{"start":{"line":138,"column":4},"end":{"line":140,"column":5}},"53":{"start":{"line":139,"column":6},"end":{"line":139,"column":56}},"54":{"start":{"line":141,"column":4},"end":{"line":141,"column":16}},"55":{"start":{"line":149,"column":4},"end":{"line":151,"column":5}},"56":{"start":{"line":150,"column":6},"end":{"line":150,"column":39}},"57":{"start":{"line":154,"column":4},"end":{"line":154,"column":25}},"58":{"start":{"line":157,"column":12},"end":{"line":157,"column":34}},"59":{"start":{"line":158,"column":0},"end":{"line":158,"column":35}}},"fnMap":{"0":{"name":"(anonymous_0)","decl":{"start":{"line":4,"column":2},"end":{"line":4,"column":3}},"loc":{"start":{"line":4,"column":16},"end":{"line":4,"column":18}},"line":4},"1":{"name":"(anonymous_1)","decl":{"start":{"line":5,"column":2},"end":{"line":5,"column":3}},"loc":{"start":{"line":5,"column":36},"end":{"line":10,"column":3}},"line":5},"2":{"name":"(anonymous_2)","decl":{"start":{"line":12,"column":2},"end":{"line":12,"column":3}},"loc":{"start":{"line":12,"column":49},"end":{"line":18,"column":3}},"line":12},"3":{"name":"(anonymous_3)","decl":{"start":{"line":20,"column":2},"end":{"line":20,"column":3}},"loc":{"start":{"line":20,"column":53},"end":{"line":25,"column":3}},"line":20},"4":{"name":"(anonymous_4)","decl":{"start":{"line":27,"column":2},"end":{"line":27,"column":3}},"loc":{"start":{"line":27,"column":36},"end":{"line":32,"column":3}},"line":27},"5":{"name":"(anonymous_5)","decl":{"start":{"line":34,"column":2},"end":{"line":34,"column":3}},"loc":{"start":{"line":34,"column":35},"end":{"line":39,"column":3}},"line":34},"6":{"name":"(anonymous_6)","decl":{"start":{"line":40,"column":2},"end":{"line":40,"column":3}},"loc":{"start":{"line":40,"column":30},"end":{"line":52,"column":3}},"line":40},"7":{"name":"(anonymous_7)","decl":{"start":{"line":54,"column":2},"end":{"line":54,"column":3}},"loc":{"start":{"line":54,"column":16},"end":{"line":65,"column":3}},"line":54},"8":{"name":"(anonymous_8)","decl":{"start":{"line":67,"column":2},"end":{"line":67,"column":3}},"loc":{"start":{"line":67,"column":12},"end":{"line":75,"column":3}},"line":67},"9":{"name":"(anonymous_9)","decl":{"start":{"line":77,"column":2},"end":{"line":77,"column":3}},"loc":{"start":{"line":78,"column":2},"end":{"line":98,"column":3}},"line":78},"10":{"name":"(anonymous_10)","decl":{"start":{"line":100,"column":2},"end":{"line":100,"column":3}},"loc":{"start":{"line":101,"column":2},"end":{"line":117,"column":3}},"line":101},"11":{"name":"(anonymous_11)","decl":{"start":{"line":119,"column":2},"end":{"line":119,"column":3}},"loc":{"start":{"line":120,"column":2},"end":{"line":126,"column":3}},"line":120},"12":{"name":"(anonymous_12)","decl":{"start":{"line":128,"column":2},"end":{"line":128,"column":3}},"loc":{"start":{"line":128,"column":36},"end":{"line":135,"column":3}},"line":128},"13":{"name":"(anonymous_13)","decl":{"start":{"line":137,"column":2},"end":{"line":137,"column":3}},"loc":{"start":{"line":137,"column":36},"end":{"line":143,"column":3}},"line":137},"14":{"name":"(anonymous_14)","decl":{"start":{"line":148,"column":2},"end":{"line":148,"column":3}},"loc":{"start":{"line":148,"column":16},"end":{"line":152,"column":3}},"line":148},"15":{"name":"(anonymous_15)","decl":{"start":{"line":153,"column":2},"end":{"line":153,"column":3}},"loc":{"start":{"line":153,"column":16},"end":{"line":155,"column":3}},"line":153}},"branchMap":{"0":{"loc":{"start":{"line":6,"column":4},"end":{"line":8,"column":5}},"type":"if","locations":[{"start":{"line":6,"column":4},"end":{"line":8,"column":5}},{"start":{},"end":{}}],"line":6},"1":{"loc":{"start":{"line":6,"column":8},"end":{"line":6,"column":24}},"type":"binary-expr","locations":[{"start":{"line":6,"column":8},"end":{"line":6,"column":14}},{"start":{"line":6,"column":18},"end":{"line":6,"column":24}}],"line":6},"2":{"loc":{"start":{"line":13,"column":4},"end":{"line":17,"column":5}},"type":"if","locations":[{"start":{"line":13,"column":4},"end":{"line":17,"column":5}},{"start":{"line":15,"column":11},"end":{"line":17,"column":5}}],"line":13},"3":{"loc":{"start":{"line":13,"column":8},"end":{"line":13,"column":38}},"type":"binary-expr","locations":[{"start":{"line":13,"column":8},"end":{"line":13,"column":14}},{"start":{"line":13,"column":18},"end":{"line":13,"column":23}},{"start":{"line":13,"column":27},"end":{"line":13,"column":38}}],"line":13},"4":{"loc":{"start":{"line":21,"column":4},"end":{"line":23,"column":5}},"type":"if","locations":[{"start":{"line":21,"column":4},"end":{"line":23,"column":5}},{"start":{},"end":{}}],"line":21},"5":{"loc":{"start":{"line":21,"column":8},"end":{"line":21,"column":30}},"type":"binary-expr","locations":[{"start":{"line":21,"column":8},"end":{"line":21,"column":17}},{"start":{"line":21,"column":21},"end":{"line":21,"column":30}}],"line":21},"6":{"loc":{"start":{"line":28,"column":4},"end":{"line":30,"column":5}},"type":"if","locations":[{"start":{"line":28,"column":4},"end":{"line":30,"column":5}},{"start":{},"end":{}}],"line":28},"7":{"loc":{"start":{"line":28,"column":8},"end":{"line":28,"column":30}},"type":"binary-expr","locations":[{"start":{"line":28,"column":8},"end":{"line":28,"column":17}},{"start":{"line":28,"column":21},"end":{"line":28,"column":30}}],"line":28},"8":{"loc":{"start":{"line":35,"column":4},"end":{"line":37,"column":5}},"type":"if","locations":[{"start":{"line":35,"column":4},"end":{"line":37,"column":5}},{"start":{},"end":{}}],"line":35},"9":{"loc":{"start":{"line":35,"column":8},"end":{"line":35,"column":40}},"type":"binary-expr","locations":[{"start":{"line":35,"column":8},"end":{"line":35,"column":22}},{"start":{"line":35,"column":26},"end":{"line":35,"column":40}}],"line":35},"10":{"loc":{"start":{"line":41,"column":4},"end":{"line":50,"column":5}},"type":"if","locations":[{"start":{"line":41,"column":4},"end":{"line":50,"column":5}},{"start":{},"end":{}}],"line":41},"11":{"loc":{"start":{"line":42,"column":6},"end":{"line":47,"column":20}},"type":"binary-expr","locations":[{"start":{"line":42,"column":6},"end":{"line":42,"column":24}},{"start":{"line":43,"column":6},"end":{"line":43,"column":28}},{"start":{"line":44,"column":6},"end":{"line":44,"column":28}},{"start":{"line":45,"column":6},"end":{"line":45,"column":27}},{"start":{"line":46,"column":6},"end":{"line":46,"column":20}},{"start":{"line":47,"column":6},"end":{"line":47,"column":20}}],"line":42},"12":{"loc":{"start":{"line":58,"column":6},"end":{"line":60,"column":7}},"type":"if","locations":[{"start":{"line":58,"column":6},"end":{"line":60,"column":7}},{"start":{},"end":{}}],"line":58},"13":{"loc":{"start":{"line":79,"column":4},"end":{"line":97,"column":5}},"type":"if","locations":[{"start":{"line":79,"column":4},"end":{"line":97,"column":5}},{"start":{"line":95,"column":4},"end":{"line":97,"column":5}}],"line":79},"14":{"loc":{"start":{"line":81,"column":6},"end":{"line":92,"column":7}},"type":"if","locations":[{"start":{"line":81,"column":6},"end":{"line":92,"column":7}},{"start":{"line":90,"column":6},"end":{"line":92,"column":7}}],"line":81},"15":{"loc":{"start":{"line":81,"column":9},"end":{"line":81,"column":101}},"type":"binary-expr","locations":[{"start":{"line":81,"column":9},"end":{"line":81,"column":29}},{"start":{"line":81,"column":33},"end":{"line":81,"column":45}},{"start":{"line":81,"column":49},"end":{"line":81,"column":64}},{"start":{"line":81,"column":68},"end":{"line":81,"column":79}},{"start":{"line":81,"column":83},"end":{"line":81,"column":101}}],"line":81},"16":{"loc":{"start":{"line":83,"column":8},"end":{"line":86,"column":9}},"type":"if","locations":[{"start":{"line":83,"column":8},"end":{"line":86,"column":9}},{"start":{},"end":{}}],"line":83},"17":{"loc":{"start":{"line":102,"column":4},"end":{"line":116,"column":5}},"type":"if","locations":[{"start":{"line":102,"column":4},"end":{"line":116,"column":5}},{"start":{"line":107,"column":4},"end":{"line":116,"column":5}}],"line":102},"18":{"loc":{"start":{"line":108,"column":6},"end":{"line":115,"column":7}},"type":"if","locations":[{"start":{"line":108,"column":6},"end":{"line":115,"column":7}},{"start":{"line":113,"column":6},"end":{"line":115,"column":7}}],"line":108},"19":{"loc":{"start":{"line":108,"column":9},"end":{"line":108,"column":48}},"type":"binary-expr","locations":[{"start":{"line":108,"column":9},"end":{"line":108,"column":28}},{"start":{"line":108,"column":32},"end":{"line":108,"column":48}}],"line":108},"20":{"loc":{"start":{"line":121,"column":4},"end":{"line":125,"column":5}},"type":"if","locations":[{"start":{"line":121,"column":4},"end":{"line":125,"column":5}},{"start":{"line":123,"column":9},"end":{"line":125,"column":5}}],"line":121},"21":{"loc":{"start":{"line":121,"column":7},"end":{"line":121,"column":53}},"type":"binary-expr","locations":[{"start":{"line":121,"column":7},"end":{"line":121,"column":20}},{"start":{"line":121,"column":24},"end":{"line":121,"column":35}},{"start":{"line":121,"column":39},"end":{"line":121,"column":53}}],"line":121},"22":{"loc":{"start":{"line":129,"column":4},"end":{"line":133,"column":5}},"type":"if","locations":[{"start":{"line":129,"column":4},"end":{"line":133,"column":5}},{"start":{"line":131,"column":11},"end":{"line":133,"column":5}}],"line":129},"23":{"loc":{"start":{"line":131,"column":11},"end":{"line":133,"column":5}},"type":"if","locations":[{"start":{"line":131,"column":11},"end":{"line":133,"column":5}},{"start":{},"end":{}}],"line":131},"24":{"loc":{"start":{"line":138,"column":4},"end":{"line":140,"column":5}},"type":"if","locations":[{"start":{"line":138,"column":4},"end":{"line":140,"column":5}},{"start":{},"end":{}}],"line":138},"25":{"loc":{"start":{"line":149,"column":4},"end":{"line":151,"column":5}},"type":"if","locations":[{"start":{"line":149,"column":4},"end":{"line":151,"column":5}},{"start":{},"end":{}}],"line":149}},"s":{"0":8,"1":1,"2":1,"3":0,"4":5,"5":2,"6":3,"7":1,"8":0,"9":1,"10":7,"11":4,"12":3,"13":3,"14":2,"15":1,"16":4,"17":2,"18":2,"19":7,"20":7,"21":7,"22":3,"23":0,"24":3,"25":4,"26":0,"27":0,"28":0,"29":0,"30":0,"31":0,"32":3,"33":2,"34":1,"35":1,"36":0,"37":1,"38":1,"39":2,"40":1,"41":1,"42":1,"43":0,"44":1,"45":1,"46":0,"47":1,"48":0,"49":1,"50":0,"51":1,"52":1,"53":1,"54":0,"55":8,"56":8,"57":8,"58":8,"59":8},"f":{"0":8,"1":1,"2":5,"3":1,"4":7,"5":3,"6":4,"7":7,"8":0,"9":3,"10":2,"11":1,"12":1,"13":1,"14":8,"15":8},"b":{"0":[1,0],"1":[1,0],"2":[2,3],"3":[5,4,3],"4":[0,1],"5":[1,1],"6":[4,3],"7":[7,4],"8":[2,1],"9":[3,2],"10":[2,2],"11":[4,4,4,3,3,3],"12":[0,3],"13":[2,1],"14":[1,1],"15":[2,1,1,1,1],"16":[1,0],"17":[1,1],"18":[1,0],"19":[1,1],"20":[1,0],"21":[1,1,1],"22":[0,1],"23":[0,1],"24":[1,0],"25":[8,0]},"_coverageSchema":"1a1c01bbd47fc00a2c39e90264f33305004495a9","hash":"7b8ab9dab8ffa98bafaa624698537cb012e1b2f9"}
}
