TN:
SF:Config\config.js
FN:10,(anonymous_0)
FN:42,(anonymous_1)
FN:50,(anonymous_2)
FN:55,(anonymous_3)
FNF:4
FNH:2
FNDA:0,(anonymous_0)
FNDA:0,(anonymous_1)
FNDA:3,(anonymous_2)
FNDA:3,(anonymous_3)
DA:1,3
DA:2,3
DA:3,3
DA:4,3
DA:6,3
DA:8,3
DA:10,3
DA:11,0
DA:14,0
DA:17,0
DA:18,0
DA:19,0
DA:24,0
DA:25,0
DA:36,0
DA:38,0
DA:42,3
DA:43,0
DA:51,3
DA:52,3
DA:56,3
DA:60,3
DA:61,3
LF:23
LH:13
BRDA:14,0,0,0
BRDA:14,0,1,0
BRDA:51,1,0,3
BRDA:51,1,1,0
BRF:4
BRH:1
end_of_record
TN:
SF:Config\data.js
FNF:0
FNH:0
DA:1,3
DA:2,3
DA:4,3
LF:3
LH:3
BRF:0
BRH:0
end_of_record
TN:
SF:Controller\ExternalCompanyController.js
FN:10,(anonymous_0)
FN:62,(anonymous_1)
FN:109,(anonymous_2)
FN:150,(anonymous_3)
FN:168,(anonymous_4)
FN:185,(anonymous_5)
FN:220,(anonymous_6)
FNF:7
FNH:1
FNDA:1,(anonymous_0)
FNDA:0,(anonymous_1)
FNDA:0,(anonymous_2)
FNDA:0,(anonymous_3)
FNDA:0,(anonymous_4)
FNDA:0,(anonymous_5)
FNDA:0,(anonymous_6)
DA:1,1
DA:2,1
DA:3,1
DA:4,1
DA:5,1
DA:7,1
DA:10,1
DA:11,1
DA:12,0
DA:17,1
DA:21,1
DA:22,0
DA:27,1
DA:28,1
DA:37,1
DA:38,1
DA:39,0
DA:44,1
DA:54,1
DA:62,1
DA:63,0
DA:64,0
DA:69,0
DA:73,0
DA:74,0
DA:80,0
DA:85,0
DA:86,0
DA:91,0
DA:102,0
DA:109,1
DA:110,0
DA:111,0
DA:116,0
DA:118,0
DA:119,0
DA:124,0
DA:137,0
DA:138,0
DA:143,0
DA:150,1
DA:151,0
DA:154,0
DA:155,0
DA:160,0
DA:168,1
DA:169,0
DA:172,0
DA:173,0
DA:178,0
DA:185,1
DA:186,0
DA:187,0
DA:192,0
DA:194,0
DA:195,0
DA:200,0
DA:207,0
DA:208,0
DA:213,0
DA:220,1
DA:221,0
DA:222,0
DA:223,0
DA:228,0
DA:233,0
DA:234,0
DA:239,0
DA:247,1
LF:69
LH:23
BRDA:11,0,0,0
BRDA:11,0,1,1
BRDA:21,1,0,0
BRDA:21,1,1,1
BRDA:38,2,0,0
BRDA:38,2,1,1
BRDA:63,3,0,0
BRDA:63,3,1,0
BRDA:73,4,0,0
BRDA:73,4,1,0
BRDA:85,5,0,0
BRDA:85,5,1,0
BRDA:110,6,0,0
BRDA:110,6,1,0
BRDA:118,7,0,0
BRDA:118,7,1,0
BRDA:127,8,0,0
BRDA:127,8,1,0
BRDA:129,9,0,0
BRDA:129,9,1,0
BRDA:131,10,0,0
BRDA:131,10,1,0
BRDA:133,11,0,0
BRDA:133,11,1,0
BRDA:137,12,0,0
BRDA:137,12,1,0
BRDA:154,13,0,0
BRDA:154,13,1,0
BRDA:172,14,0,0
BRDA:172,14,1,0
BRDA:186,15,0,0
BRDA:186,15,1,0
BRDA:194,16,0,0
BRDA:194,16,1,0
BRDA:207,17,0,0
BRDA:207,17,1,0
BRDA:222,18,0,0
BRDA:222,18,1,0
BRDA:233,19,0,0
BRDA:233,19,1,0
BRF:40
BRH:3
end_of_record
TN:
SF:Controller\userController.js
FN:10,(anonymous_0)
FN:11,(anonymous_1)
FN:25,(anonymous_2)
FN:28,(anonymous_3)
FN:33,(anonymous_4)
FN:42,(anonymous_5)
FN:45,(anonymous_6)
FN:50,(anonymous_7)
FN:61,(anonymous_8)
FN:84,(anonymous_9)
FN:93,(anonymous_10)
FN:106,(anonymous_11)
FN:124,(anonymous_12)
FN:134,(anonymous_13)
FN:145,(anonymous_14)
FN:148,(anonymous_15)
FN:153,(anonymous_16)
FN:163,(anonymous_17)
FN:170,(anonymous_18)
FN:177,(anonymous_19)
FN:217,(anonymous_20)
FN:237,(anonymous_21)
FN:243,(anonymous_22)
FN:333,(anonymous_23)
FN:346,(anonymous_24)
FN:358,(anonymous_25)
FN:400,(anonymous_26)
FN:412,(anonymous_27)
FN:417,(anonymous_28)
FNF:29
FNH:7
FNDA:1,(anonymous_0)
FNDA:0,(anonymous_1)
FNDA:0,(anonymous_2)
FNDA:0,(anonymous_3)
FNDA:0,(anonymous_4)
FNDA:0,(anonymous_5)
FNDA:0,(anonymous_6)
FNDA:0,(anonymous_7)
FNDA:0,(anonymous_8)
FNDA:0,(anonymous_9)
FNDA:0,(anonymous_10)
FNDA:0,(anonymous_11)
FNDA:0,(anonymous_12)
FNDA:0,(anonymous_13)
FNDA:0,(anonymous_14)
FNDA:0,(anonymous_15)
FNDA:0,(anonymous_16)
FNDA:0,(anonymous_17)
FNDA:0,(anonymous_18)
FNDA:1,(anonymous_19)
FNDA:0,(anonymous_20)
FNDA:0,(anonymous_21)
FNDA:0,(anonymous_22)
FNDA:3,(anonymous_23)
FNDA:2,(anonymous_24)
FNDA:1,(anonymous_25)
FNDA:0,(anonymous_26)
FNDA:1,(anonymous_27)
FNDA:1,(anonymous_28)
DA:1,1
DA:2,1
DA:3,1
DA:4,1
DA:5,1
DA:7,1
DA:11,1
DA:12,0
DA:26,0
DA:29,0
DA:33,1
DA:34,0
DA:43,0
DA:46,0
DA:50,1
DA:51,0
DA:53,0
DA:54,0
DA:59,0
DA:62,0
DA:63,0
DA:68,0
DA:74,0
DA:78,0
DA:85,0
DA:93,1
DA:94,0
DA:96,0
DA:97,0
DA:104,0
DA:107,0
DA:108,0
DA:113,0
DA:115,0
DA:118,0
DA:125,0
DA:134,1
DA:135,0
DA:137,0
DA:138,0
DA:143,0
DA:146,0
DA:149,0
DA:153,1
DA:154,0
DA:155,0
DA:156,0
DA:161,0
DA:164,0
DA:165,0
DA:168,0
DA:171,0
DA:177,1
DA:179,1
DA:180,1
DA:182,0
DA:189,1
DA:190,1
DA:192,1
DA:199,0
DA:205,0
DA:210,0
DA:211,0
DA:215,0
DA:218,0
DA:228,0
DA:235,0
DA:238,0
DA:243,1
DA:244,0
DA:246,0
DA:248,0
DA:254,0
DA:261,0
DA:262,0
DA:264,0
DA:270,0
DA:271,0
DA:272,0
DA:275,0
DA:278,0
DA:279,0
DA:281,0
DA:287,0
DA:290,0
DA:292,0
DA:300,0
DA:301,0
DA:303,0
DA:305,0
DA:310,0
DA:317,0
DA:326,0
DA:333,1
DA:334,3
DA:335,1
DA:339,2
DA:340,2
DA:342,2
DA:347,2
DA:348,1
DA:350,0
DA:358,1
DA:359,1
DA:360,0
DA:366,1
DA:367,1
DA:378,1
DA:386,0
DA:394,1
DA:401,0
DA:402,0
DA:413,1
DA:414,1
DA:418,1
DA:422,1
DA:424,1
LF:117
LH:38
BRDA:53,0,0,0
BRDA:53,0,1,0
BRDA:62,1,0,0
BRDA:62,1,1,0
BRDA:96,2,0,0
BRDA:96,2,1,0
BRDA:107,3,0,0
BRDA:107,3,1,0
BRDA:137,4,0,0
BRDA:137,4,1,0
BRDA:155,5,0,0
BRDA:155,5,1,0
BRDA:164,6,0,0
BRDA:164,6,1,0
BRDA:180,7,0,0
BRDA:180,7,1,1
BRDA:190,8,0,1
BRDA:190,8,1,0
BRDA:199,9,0,0
BRDA:199,9,1,0
BRDA:246,10,0,0
BRDA:246,10,1,0
BRDA:262,11,0,0
BRDA:262,11,1,0
BRDA:272,12,0,0
BRDA:272,12,1,0
BRDA:275,13,0,0
BRDA:275,13,1,0
BRDA:279,14,0,0
BRDA:279,14,1,0
BRDA:290,15,0,0
BRDA:290,15,1,0
BRDA:301,16,0,0
BRDA:301,16,1,0
BRDA:334,17,0,1
BRDA:334,17,1,2
BRDA:347,18,0,1
BRDA:347,18,1,1
BRDA:348,19,0,0
BRDA:348,19,1,1
BRDA:359,20,0,0
BRDA:359,20,1,1
BRDA:366,21,0,1
BRDA:366,21,1,0
BRDA:413,22,0,1
BRDA:413,22,1,0
BRF:46
BRH:10
end_of_record
TN:
SF:Controller\userStatusController.js
FN:5,(anonymous_0)
FN:48,(anonymous_1)
FN:67,(anonymous_2)
FN:97,(anonymous_3)
FNF:4
FNH:1
FNDA:0,(anonymous_0)
FNDA:0,(anonymous_1)
FNDA:1,(anonymous_2)
FNDA:0,(anonymous_3)
DA:1,1
DA:2,1
DA:3,1
DA:5,1
DA:9,0
DA:13,0
DA:15,0
DA:22,0
DA:23,0
DA:29,0
DA:30,0
DA:38,0
DA:48,1
DA:52,0
DA:53,0
DA:55,0
DA:60,0
DA:67,1
DA:71,1
DA:73,1
DA:74,1
DA:75,0
DA:82,1
DA:90,0
DA:97,1
DA:101,0
DA:102,0
DA:103,0
DA:105,0
DA:106,0
DA:107,0
DA:115,0
DA:119,0
DA:120,0
DA:126,0
DA:129,0
DA:130,0
DA:137,0
DA:138,0
DA:145,0
DA:151,0
LF:41
LH:11
BRDA:13,0,0,0
BRDA:13,0,1,0
BRDA:74,1,0,0
BRDA:74,1,1,1
BRDA:106,2,0,0
BRDA:106,2,1,0
BRDA:119,3,0,0
BRDA:119,3,1,0
BRDA:129,4,0,0
BRDA:129,4,1,0
BRF:10
BRH:1
end_of_record
TN:
SF:IntegrationTests\serverTest.js
FN:16,(anonymous_0)
FN:21,(anonymous_1)
FNF:2
FNH:2
FNDA:3,(anonymous_0)
FNDA:3,(anonymous_1)
DA:2,3
DA:3,3
DA:4,3
DA:5,3
DA:8,3
DA:9,3
DA:10,3
DA:11,3
DA:17,3
DA:18,3
DA:22,3
DA:26,3
DA:28,3
LF:13
LH:13
BRDA:17,0,0,3
BRDA:17,0,1,0
BRF:2
BRH:1
end_of_record
TN:
SF:Models\ExternalCompanyModel.js
FN:43,(anonymous_0)
FN:50,(anonymous_1)
FNF:2
FNH:2
FNDA:1,(anonymous_0)
FNDA:1,(anonymous_1)
DA:1,1
DA:2,1
DA:4,1
DA:44,1
DA:46,1
DA:51,1
DA:55,1
DA:57,1
LF:8
LH:8
BRDA:44,0,0,1
BRDA:44,0,1,0
BRF:2
BRH:1
end_of_record
TN:
SF:Models\user.js
FN:54,(anonymous_0)
FN:64,(anonymous_1)
FN:72,(anonymous_2)
FNF:3
FNH:2
FNDA:0,(anonymous_0)
FNDA:2,(anonymous_1)
FNDA:2,(anonymous_2)
DA:1,2
DA:2,2
DA:4,2
DA:54,2
DA:56,0
DA:66,2
DA:68,2
DA:74,2
DA:78,2
DA:80,2
LF:10
LH:9
BRDA:66,0,0,2
BRDA:66,0,1,0
BRF:2
BRH:1
end_of_record
TN:
SF:Models\user_status.js
FN:29,(anonymous_0)
FN:37,(anonymous_1)
FNF:2
FNH:2
FNDA:1,(anonymous_0)
FNDA:1,(anonymous_1)
DA:1,1
DA:3,1
DA:31,1
DA:33,1
DA:39,1
DA:43,1
DA:44,1
LF:7
LH:7
BRDA:31,0,0,1
BRDA:31,0,1,0
BRF:2
BRH:1
end_of_record
TN:
SF:utils\helper_classes\BannedUsernamesHelper.js
FN:30,(anonymous_0)
FNF:1
FNH:1
FNDA:1,(anonymous_0)
DA:2,8
DA:31,1
DA:32,1
DA:36,8
LF:4
LH:4
BRF:0
BRH:0
end_of_record
TN:
SF:utils\helper_classes\Validations.js
FN:4,(anonymous_0)
FN:5,(anonymous_1)
FN:12,(anonymous_2)
FN:20,(anonymous_3)
FN:27,(anonymous_4)
FN:34,(anonymous_5)
FN:40,(anonymous_6)
FN:54,(anonymous_7)
FN:67,(anonymous_8)
FN:77,(anonymous_9)
FN:100,(anonymous_10)
FN:119,(anonymous_11)
FN:128,(anonymous_12)
FN:137,(anonymous_13)
FN:148,(anonymous_14)
FN:153,(anonymous_15)
FNF:16
FNH:15
FNDA:8,(anonymous_0)
FNDA:1,(anonymous_1)
FNDA:5,(anonymous_2)
FNDA:1,(anonymous_3)
FNDA:7,(anonymous_4)
FNDA:3,(anonymous_5)
FNDA:4,(anonymous_6)
FNDA:7,(anonymous_7)
FNDA:0,(anonymous_8)
FNDA:3,(anonymous_9)
FNDA:2,(anonymous_10)
FNDA:1,(anonymous_11)
FNDA:1,(anonymous_12)
FNDA:1,(anonymous_13)
FNDA:8,(anonymous_14)
FNDA:8,(anonymous_15)
DA:1,8
DA:6,1
DA:7,1
DA:9,0
DA:13,5
DA:14,2
DA:16,3
DA:21,1
DA:22,0
DA:24,1
DA:28,7
DA:29,4
DA:31,3
DA:35,3
DA:36,2
DA:38,1
DA:41,4
DA:49,2
DA:51,2
DA:55,7
DA:56,7
DA:57,7
DA:58,3
DA:59,0
DA:61,3
DA:63,4
DA:69,0
DA:70,0
DA:71,0
DA:72,0
DA:74,0
DA:79,3
DA:81,2
DA:83,1
DA:85,1
DA:87,0
DA:91,1
DA:96,1
DA:102,2
DA:104,1
DA:108,1
DA:110,1
DA:114,0
DA:121,1
DA:122,1
DA:124,0
DA:129,1
DA:130,0
DA:131,1
DA:132,0
DA:134,1
DA:138,1
DA:139,1
DA:141,0
DA:149,8
DA:150,8
DA:154,8
DA:157,8
DA:158,8
LF:59
LH:45
BRDA:6,0,0,1
BRDA:6,0,1,0
BRDA:6,1,0,1
BRDA:6,1,1,0
BRDA:13,2,0,2
BRDA:13,2,1,3
BRDA:13,3,0,5
BRDA:13,3,1,4
BRDA:13,3,2,3
BRDA:21,4,0,0
BRDA:21,4,1,1
BRDA:21,5,0,1
BRDA:21,5,1,1
BRDA:28,6,0,4
BRDA:28,6,1,3
BRDA:28,7,0,7
BRDA:28,7,1,4
BRDA:35,8,0,2
BRDA:35,8,1,1
BRDA:35,9,0,3
BRDA:35,9,1,2
BRDA:41,10,0,2
BRDA:41,10,1,2
BRDA:42,11,0,4
BRDA:42,11,1,4
BRDA:42,11,2,4
BRDA:42,11,3,3
BRDA:42,11,4,3
BRDA:42,11,5,3
BRDA:58,12,0,0
BRDA:58,12,1,3
BRDA:79,13,0,2
BRDA:79,13,1,1
BRDA:81,14,0,1
BRDA:81,14,1,1
BRDA:81,15,0,2
BRDA:81,15,1,1
BRDA:81,15,2,1
BRDA:81,15,3,1
BRDA:81,15,4,1
BRDA:83,16,0,1
BRDA:83,16,1,0
BRDA:102,17,0,1
BRDA:102,17,1,1
BRDA:108,18,0,1
BRDA:108,18,1,0
BRDA:108,19,0,1
BRDA:108,19,1,1
BRDA:121,20,0,1
BRDA:121,20,1,0
BRDA:121,21,0,1
BRDA:121,21,1,1
BRDA:121,21,2,1
BRDA:129,22,0,0
BRDA:129,22,1,1
BRDA:131,23,0,0
BRDA:131,23,1,1
BRDA:138,24,0,1
BRDA:138,24,1,0
BRDA:149,25,0,8
BRDA:149,25,1,0
BRF:61
BRH:50
end_of_record
